{"d:\\CurrProjIce\\server\\config\\middleware\\getApiMovies.js":{"path":"d:\\CurrProjIce\\server\\config\\middleware\\getApiMovies.js","s":{"1":1,"2":1,"3":1,"4":1,"5":15,"6":15,"7":15,"8":15,"9":15,"10":15,"11":15,"12":15,"13":15,"14":15,"15":30,"16":15,"17":15,"18":15,"19":1,"20":15,"21":15,"22":0,"23":15,"24":0,"25":15,"26":0,"27":15,"28":15,"29":0,"30":15,"31":0,"32":15,"33":0,"34":15,"35":0,"36":15,"37":6,"38":1,"39":15,"40":6,"41":960,"42":6,"43":9,"44":1,"45":15,"46":3,"47":3,"48":3,"49":3,"50":3,"51":3,"52":12,"53":12,"54":3,"55":12,"56":12,"57":12,"58":0,"59":12,"60":3,"61":12,"62":186,"63":12,"64":12,"65":12,"66":12,"67":12,"68":15},"b":{"1":[30,30],"2":[15,0],"3":[0,15],"4":[0,15],"5":[15,15],"6":[15,0],"7":[0,15],"8":[0,15],"9":[15,15],"10":[0,15],"11":[6,9],"12":[6,9],"13":[15,6,6],"14":[6,954],"15":[3,12],"16":[3,9],"17":[0,12],"18":[3,9]},"f":{"1":15,"2":30,"3":15,"4":15,"5":15},"fnMap":{"1":{"name":"(anonymous_1)","line":9,"loc":{"start":{"line":9,"column":17},"end":{"line":9,"column":36}}},"2":{"name":"(anonymous_2)","line":27,"loc":{"start":{"line":27,"column":20},"end":{"line":27,"column":32}}},"3":{"name":"validateInput","line":39,"loc":{"start":{"line":39,"column":4},"end":{"line":39,"column":29}}},"4":{"name":"filterByPhrase","line":78,"loc":{"start":{"line":78,"column":4},"end":{"line":78,"column":30}}},"5":{"name":"filterByPageAndList","line":96,"loc":{"start":{"line":96,"column":4},"end":{"line":96,"column":35}}}},"statementMap":{"1":{"start":{"line":5,"column":0},"end":{"line":5,"column":21}},"2":{"start":{"line":6,"column":0},"end":{"line":6,"column":27}},"3":{"start":{"line":7,"column":0},"end":{"line":7,"column":59}},"4":{"start":{"line":9,"column":0},"end":{"line":137,"column":2}},"5":{"start":{"line":10,"column":4},"end":{"line":10,"column":29}},"6":{"start":{"line":13,"column":4},"end":{"line":13,"column":20}},"7":{"start":{"line":14,"column":4},"end":{"line":14,"column":33}},"8":{"start":{"line":15,"column":4},"end":{"line":15,"column":33}},"9":{"start":{"line":16,"column":4},"end":{"line":16,"column":31}},"10":{"start":{"line":19,"column":4},"end":{"line":19,"column":20}},"11":{"start":{"line":20,"column":4},"end":{"line":20,"column":23}},"12":{"start":{"line":21,"column":4},"end":{"line":21,"column":29}},"13":{"start":{"line":22,"column":4},"end":{"line":22,"column":28}},"14":{"start":{"line":27,"column":4},"end":{"line":29,"column":6}},"15":{"start":{"line":28,"column":8},"end":{"line":28,"column":52}},"16":{"start":{"line":32,"column":4},"end":{"line":32,"column":20}},"17":{"start":{"line":34,"column":4},"end":{"line":34,"column":21}},"18":{"start":{"line":36,"column":4},"end":{"line":36,"column":26}},"19":{"start":{"line":39,"column":4},"end":{"line":75,"column":5}},"20":{"start":{"line":40,"column":8},"end":{"line":52,"column":9}},"21":{"start":{"line":41,"column":12},"end":{"line":47,"column":13}},"22":{"start":{"line":42,"column":16},"end":{"line":42,"column":33}},"23":{"start":{"line":44,"column":16},"end":{"line":46,"column":17}},"24":{"start":{"line":45,"column":20},"end":{"line":45,"column":36}},"25":{"start":{"line":49,"column":12},"end":{"line":49,"column":48}},"26":{"start":{"line":51,"column":12},"end":{"line":51,"column":29}},"27":{"start":{"line":54,"column":8},"end":{"line":66,"column":9}},"28":{"start":{"line":55,"column":12},"end":{"line":61,"column":13}},"29":{"start":{"line":56,"column":16},"end":{"line":56,"column":32}},"30":{"start":{"line":58,"column":16},"end":{"line":60,"column":17}},"31":{"start":{"line":59,"column":20},"end":{"line":59,"column":36}},"32":{"start":{"line":63,"column":12},"end":{"line":63,"column":48}},"33":{"start":{"line":65,"column":12},"end":{"line":65,"column":28}},"34":{"start":{"line":68,"column":8},"end":{"line":70,"column":9}},"35":{"start":{"line":69,"column":12},"end":{"line":69,"column":30}},"36":{"start":{"line":72,"column":8},"end":{"line":74,"column":9}},"37":{"start":{"line":73,"column":12},"end":{"line":73,"column":54}},"38":{"start":{"line":78,"column":4},"end":{"line":92,"column":5}},"39":{"start":{"line":79,"column":8},"end":{"line":91,"column":9}},"40":{"start":{"line":83,"column":12},"end":{"line":87,"column":13}},"41":{"start":{"line":84,"column":16},"end":{"line":86,"column":17}},"42":{"start":{"line":85,"column":20},"end":{"line":85,"column":54}},"43":{"start":{"line":90,"column":12},"end":{"line":90,"column":39}},"44":{"start":{"line":96,"column":4},"end":{"line":134,"column":5}},"45":{"start":{"line":97,"column":8},"end":{"line":104,"column":9}},"46":{"start":{"line":98,"column":12},"end":{"line":98,"column":54}},"47":{"start":{"line":99,"column":12},"end":{"line":99,"column":63}},"48":{"start":{"line":100,"column":12},"end":{"line":100,"column":55}},"49":{"start":{"line":101,"column":12},"end":{"line":101,"column":41}},"50":{"start":{"line":102,"column":12},"end":{"line":102,"column":37}},"51":{"start":{"line":103,"column":12},"end":{"line":103,"column":19}},"52":{"start":{"line":106,"column":8},"end":{"line":106,"column":28}},"53":{"start":{"line":108,"column":8},"end":{"line":110,"column":9}},"54":{"start":{"line":109,"column":12},"end":{"line":109,"column":71}},"55":{"start":{"line":112,"column":8},"end":{"line":112,"column":65}},"56":{"start":{"line":113,"column":8},"end":{"line":113,"column":50}},"57":{"start":{"line":116,"column":8},"end":{"line":118,"column":9}},"58":{"start":{"line":117,"column":12},"end":{"line":117,"column":43}},"59":{"start":{"line":120,"column":8},"end":{"line":122,"column":9}},"60":{"start":{"line":121,"column":12},"end":{"line":121,"column":46}},"61":{"start":{"line":124,"column":8},"end":{"line":126,"column":9}},"62":{"start":{"line":125,"column":12},"end":{"line":125,"column":47}},"63":{"start":{"line":128,"column":8},"end":{"line":128,"column":35}},"64":{"start":{"line":129,"column":8},"end":{"line":129,"column":59}},"65":{"start":{"line":130,"column":8},"end":{"line":130,"column":51}},"66":{"start":{"line":132,"column":8},"end":{"line":132,"column":37}},"67":{"start":{"line":133,"column":8},"end":{"line":133,"column":33}},"68":{"start":{"line":136,"column":4},"end":{"line":136,"column":28}}},"branchMap":{"1":{"line":28,"type":"binary-expr","locations":[{"start":{"line":28,"column":15},"end":{"line":28,"column":36}},{"start":{"line":28,"column":40},"end":{"line":28,"column":51}}]},"2":{"line":40,"type":"if","locations":[{"start":{"line":40,"column":8},"end":{"line":40,"column":8}},{"start":{"line":40,"column":8},"end":{"line":40,"column":8}}]},"3":{"line":41,"type":"if","locations":[{"start":{"line":41,"column":12},"end":{"line":41,"column":12}},{"start":{"line":41,"column":12},"end":{"line":41,"column":12}}]},"4":{"line":44,"type":"if","locations":[{"start":{"line":44,"column":16},"end":{"line":44,"column":16}},{"start":{"line":44,"column":16},"end":{"line":44,"column":16}}]},"5":{"line":44,"type":"binary-expr","locations":[{"start":{"line":44,"column":20},"end":{"line":44,"column":35}},{"start":{"line":44,"column":39},"end":{"line":44,"column":64}}]},"6":{"line":54,"type":"if","locations":[{"start":{"line":54,"column":8},"end":{"line":54,"column":8}},{"start":{"line":54,"column":8},"end":{"line":54,"column":8}}]},"7":{"line":55,"type":"if","locations":[{"start":{"line":55,"column":12},"end":{"line":55,"column":12}},{"start":{"line":55,"column":12},"end":{"line":55,"column":12}}]},"8":{"line":58,"type":"if","locations":[{"start":{"line":58,"column":16},"end":{"line":58,"column":16}},{"start":{"line":58,"column":16},"end":{"line":58,"column":16}}]},"9":{"line":58,"type":"binary-expr","locations":[{"start":{"line":58,"column":20},"end":{"line":58,"column":35}},{"start":{"line":58,"column":39},"end":{"line":58,"column":64}}]},"10":{"line":68,"type":"if","locations":[{"start":{"line":68,"column":8},"end":{"line":68,"column":8}},{"start":{"line":68,"column":8},"end":{"line":68,"column":8}}]},"11":{"line":72,"type":"if","locations":[{"start":{"line":72,"column":8},"end":{"line":72,"column":8}},{"start":{"line":72,"column":8},"end":{"line":72,"column":8}}]},"12":{"line":79,"type":"if","locations":[{"start":{"line":79,"column":8},"end":{"line":79,"column":8}},{"start":{"line":79,"column":8},"end":{"line":79,"column":8}}]},"13":{"line":79,"type":"binary-expr","locations":[{"start":{"line":79,"column":12},"end":{"line":79,"column":24}},{"start":{"line":80,"column":12},"end":{"line":80,"column":31}},{"start":{"line":81,"column":12},"end":{"line":81,"column":35}}]},"14":{"line":84,"type":"if","locations":[{"start":{"line":84,"column":16},"end":{"line":84,"column":16}},{"start":{"line":84,"column":16},"end":{"line":84,"column":16}}]},"15":{"line":97,"type":"if","locations":[{"start":{"line":97,"column":8},"end":{"line":97,"column":8}},{"start":{"line":97,"column":8},"end":{"line":97,"column":8}}]},"16":{"line":108,"type":"if","locations":[{"start":{"line":108,"column":8},"end":{"line":108,"column":8}},{"start":{"line":108,"column":8},"end":{"line":108,"column":8}}]},"17":{"line":116,"type":"if","locations":[{"start":{"line":116,"column":8},"end":{"line":116,"column":8}},{"start":{"line":116,"column":8},"end":{"line":116,"column":8}}]},"18":{"line":120,"type":"if","locations":[{"start":{"line":120,"column":8},"end":{"line":120,"column":8}},{"start":{"line":120,"column":8},"end":{"line":120,"column":8}}]}}}}