TN:
SF:d:\CurrProjIce\server\config\middleware\getApiMovies.js
FN:9,(anonymous_1)
FN:27,(anonymous_2)
FN:39,validateInput
FN:78,filterByPhrase
FN:96,filterByPageAndList
FNF:5
FNH:5
FNDA:15,(anonymous_1)
FNDA:30,(anonymous_2)
FNDA:15,validateInput
FNDA:15,filterByPhrase
FNDA:15,filterByPageAndList
DA:5,1
DA:6,1
DA:7,1
DA:9,1
DA:10,15
DA:13,15
DA:14,15
DA:15,15
DA:16,15
DA:19,15
DA:20,15
DA:21,15
DA:22,15
DA:27,15
DA:28,30
DA:32,15
DA:34,15
DA:36,15
DA:39,1
DA:40,15
DA:41,15
DA:42,0
DA:44,15
DA:45,0
DA:49,15
DA:51,0
DA:54,15
DA:55,15
DA:56,0
DA:58,15
DA:59,0
DA:63,15
DA:65,0
DA:68,15
DA:69,0
DA:72,15
DA:73,6
DA:78,1
DA:79,15
DA:83,6
DA:84,960
DA:85,6
DA:90,9
DA:96,1
DA:97,15
DA:98,3
DA:99,3
DA:100,3
DA:101,3
DA:102,3
DA:103,3
DA:106,12
DA:108,12
DA:109,3
DA:112,12
DA:113,12
DA:116,12
DA:117,0
DA:120,12
DA:121,3
DA:124,12
DA:125,186
DA:128,12
DA:129,12
DA:130,12
DA:132,12
DA:133,12
DA:136,15
LF:68
LH:60
BRDA:28,1,0,30
BRDA:28,1,1,30
BRDA:40,2,0,15
BRDA:40,2,1,0
BRDA:41,3,0,0
BRDA:41,3,1,15
BRDA:44,4,0,0
BRDA:44,4,1,15
BRDA:44,5,0,15
BRDA:44,5,1,15
BRDA:54,6,0,15
BRDA:54,6,1,0
BRDA:55,7,0,0
BRDA:55,7,1,15
BRDA:58,8,0,0
BRDA:58,8,1,15
BRDA:58,9,0,15
BRDA:58,9,1,15
BRDA:68,10,0,0
BRDA:68,10,1,15
BRDA:72,11,0,6
BRDA:72,11,1,9
BRDA:79,12,0,6
BRDA:79,12,1,9
BRDA:79,13,0,15
BRDA:79,13,1,6
BRDA:79,13,2,6
BRDA:84,14,0,6
BRDA:84,14,1,954
BRDA:97,15,0,3
BRDA:97,15,1,12
BRDA:108,16,0,3
BRDA:108,16,1,9
BRDA:116,17,0,0
BRDA:116,17,1,12
BRDA:120,18,0,3
BRDA:120,18,1,9
BRF:37
BRH:29
end_of_record
