{"d:\\CurrProjIce\\server\\config\\middleware\\getApiMovies.js":{"path":"d:\\CurrProjIce\\server\\config\\middleware\\getApiMovies.js","s":{"1":1,"2":1,"3":1,"4":1,"5":27,"6":27,"7":27,"8":27,"9":27,"10":27,"11":27,"12":27,"13":27,"14":27,"15":48,"16":27,"17":27,"18":27,"19":1,"20":27,"21":27,"22":27,"23":27,"24":24,"25":3,"26":21,"27":6,"28":24,"29":3,"30":27,"31":24,"32":3,"33":21,"34":6,"35":24,"36":3,"37":27,"38":3,"39":27,"40":6,"41":1,"42":27,"43":6,"44":960,"45":6,"46":21,"47":1,"48":27,"49":3,"50":3,"51":3,"52":3,"53":3,"54":3,"55":24,"56":24,"57":3,"58":24,"59":24,"60":24,"61":3,"62":24,"63":426,"64":24,"65":24,"66":24,"67":24,"68":24,"69":27},"b":{"1":[48,42],"2":[24,3],"3":[3,21],"4":[6,15],"5":[21,18],"6":[24,3],"7":[3,21],"8":[6,15],"9":[21,18],"10":[3,24],"11":[6,21],"12":[6,21],"13":[27,6,6],"14":[6,954],"15":[3,24],"16":[3,21],"17":[3,21]},"f":{"1":27,"2":48,"3":27,"4":27,"5":27},"fnMap":{"1":{"name":"(anonymous_1)","line":9,"loc":{"start":{"line":9,"column":17},"end":{"line":9,"column":36}}},"2":{"name":"(anonymous_2)","line":29,"loc":{"start":{"line":29,"column":20},"end":{"line":29,"column":32}}},"3":{"name":"validateInput","line":43,"loc":{"start":{"line":43,"column":4},"end":{"line":43,"column":29}}},"4":{"name":"filterByPhrase","line":90,"loc":{"start":{"line":90,"column":4},"end":{"line":90,"column":30}}},"5":{"name":"filterByPageAndList","line":108,"loc":{"start":{"line":108,"column":4},"end":{"line":108,"column":35}}}},"statementMap":{"1":{"start":{"line":5,"column":0},"end":{"line":5,"column":21}},"2":{"start":{"line":6,"column":0},"end":{"line":6,"column":27}},"3":{"start":{"line":7,"column":0},"end":{"line":7,"column":51}},"4":{"start":{"line":9,"column":0},"end":{"line":150,"column":2}},"5":{"start":{"line":10,"column":4},"end":{"line":10,"column":29}},"6":{"start":{"line":13,"column":4},"end":{"line":13,"column":20}},"7":{"start":{"line":14,"column":4},"end":{"line":14,"column":33}},"8":{"start":{"line":15,"column":4},"end":{"line":15,"column":33}},"9":{"start":{"line":16,"column":4},"end":{"line":16,"column":31}},"10":{"start":{"line":19,"column":4},"end":{"line":19,"column":20}},"11":{"start":{"line":20,"column":4},"end":{"line":20,"column":23}},"12":{"start":{"line":21,"column":4},"end":{"line":21,"column":29}},"13":{"start":{"line":22,"column":4},"end":{"line":22,"column":28}},"14":{"start":{"line":29,"column":4},"end":{"line":31,"column":6}},"15":{"start":{"line":30,"column":8},"end":{"line":30,"column":52}},"16":{"start":{"line":33,"column":4},"end":{"line":33,"column":20}},"17":{"start":{"line":35,"column":4},"end":{"line":35,"column":21}},"18":{"start":{"line":37,"column":4},"end":{"line":37,"column":26}},"19":{"start":{"line":43,"column":4},"end":{"line":87,"column":5}},"20":{"start":{"line":44,"column":8},"end":{"line":44,"column":34}},"21":{"start":{"line":45,"column":8},"end":{"line":45,"column":31}},"22":{"start":{"line":46,"column":8},"end":{"line":46,"column":43}},"23":{"start":{"line":48,"column":8},"end":{"line":63,"column":9}},"24":{"start":{"line":50,"column":12},"end":{"line":58,"column":13}},"25":{"start":{"line":52,"column":16},"end":{"line":52,"column":47}},"26":{"start":{"line":54,"column":16},"end":{"line":57,"column":17}},"27":{"start":{"line":56,"column":20},"end":{"line":56,"column":51}},"28":{"start":{"line":60,"column":12},"end":{"line":60,"column":48}},"29":{"start":{"line":62,"column":12},"end":{"line":62,"column":43}},"30":{"start":{"line":65,"column":8},"end":{"line":78,"column":9}},"31":{"start":{"line":66,"column":12},"end":{"line":73,"column":13}},"32":{"start":{"line":67,"column":16},"end":{"line":67,"column":45}},"33":{"start":{"line":69,"column":16},"end":{"line":72,"column":17}},"34":{"start":{"line":71,"column":20},"end":{"line":71,"column":49}},"35":{"start":{"line":75,"column":12},"end":{"line":75,"column":48}},"36":{"start":{"line":77,"column":12},"end":{"line":77,"column":41}},"37":{"start":{"line":80,"column":8},"end":{"line":82,"column":9}},"38":{"start":{"line":81,"column":12},"end":{"line":81,"column":30}},"39":{"start":{"line":84,"column":8},"end":{"line":86,"column":9}},"40":{"start":{"line":85,"column":12},"end":{"line":85,"column":54}},"41":{"start":{"line":90,"column":4},"end":{"line":104,"column":5}},"42":{"start":{"line":91,"column":8},"end":{"line":103,"column":9}},"43":{"start":{"line":95,"column":12},"end":{"line":99,"column":13}},"44":{"start":{"line":96,"column":16},"end":{"line":98,"column":17}},"45":{"start":{"line":97,"column":20},"end":{"line":97,"column":54}},"46":{"start":{"line":102,"column":12},"end":{"line":102,"column":39}},"47":{"start":{"line":108,"column":4},"end":{"line":147,"column":5}},"48":{"start":{"line":109,"column":8},"end":{"line":116,"column":9}},"49":{"start":{"line":110,"column":12},"end":{"line":110,"column":54}},"50":{"start":{"line":111,"column":12},"end":{"line":111,"column":63}},"51":{"start":{"line":112,"column":12},"end":{"line":112,"column":55}},"52":{"start":{"line":113,"column":12},"end":{"line":113,"column":41}},"53":{"start":{"line":114,"column":12},"end":{"line":114,"column":37}},"54":{"start":{"line":115,"column":12},"end":{"line":115,"column":19}},"55":{"start":{"line":118,"column":8},"end":{"line":118,"column":28}},"56":{"start":{"line":120,"column":8},"end":{"line":122,"column":9}},"57":{"start":{"line":121,"column":12},"end":{"line":121,"column":73}},"58":{"start":{"line":124,"column":8},"end":{"line":124,"column":65}},"59":{"start":{"line":125,"column":8},"end":{"line":125,"column":50}},"60":{"start":{"line":133,"column":8},"end":{"line":135,"column":9}},"61":{"start":{"line":134,"column":12},"end":{"line":134,"column":46}},"62":{"start":{"line":137,"column":8},"end":{"line":139,"column":9}},"63":{"start":{"line":138,"column":12},"end":{"line":138,"column":47}},"64":{"start":{"line":141,"column":8},"end":{"line":141,"column":35}},"65":{"start":{"line":142,"column":8},"end":{"line":142,"column":59}},"66":{"start":{"line":143,"column":8},"end":{"line":143,"column":51}},"67":{"start":{"line":145,"column":8},"end":{"line":145,"column":37}},"68":{"start":{"line":146,"column":8},"end":{"line":146,"column":33}},"69":{"start":{"line":149,"column":4},"end":{"line":149,"column":28}}},"branchMap":{"1":{"line":30,"type":"binary-expr","locations":[{"start":{"line":30,"column":15},"end":{"line":30,"column":36}},{"start":{"line":30,"column":40},"end":{"line":30,"column":51}}]},"2":{"line":48,"type":"if","locations":[{"start":{"line":48,"column":8},"end":{"line":48,"column":8}},{"start":{"line":48,"column":8},"end":{"line":48,"column":8}}]},"3":{"line":50,"type":"if","locations":[{"start":{"line":50,"column":12},"end":{"line":50,"column":12}},{"start":{"line":50,"column":12},"end":{"line":50,"column":12}}]},"4":{"line":54,"type":"if","locations":[{"start":{"line":54,"column":16},"end":{"line":54,"column":16}},{"start":{"line":54,"column":16},"end":{"line":54,"column":16}}]},"5":{"line":54,"type":"binary-expr","locations":[{"start":{"line":54,"column":20},"end":{"line":54,"column":60}},{"start":{"line":55,"column":20},"end":{"line":55,"column":50}}]},"6":{"line":65,"type":"if","locations":[{"start":{"line":65,"column":8},"end":{"line":65,"column":8}},{"start":{"line":65,"column":8},"end":{"line":65,"column":8}}]},"7":{"line":66,"type":"if","locations":[{"start":{"line":66,"column":12},"end":{"line":66,"column":12}},{"start":{"line":66,"column":12},"end":{"line":66,"column":12}}]},"8":{"line":69,"type":"if","locations":[{"start":{"line":69,"column":16},"end":{"line":69,"column":16}},{"start":{"line":69,"column":16},"end":{"line":69,"column":16}}]},"9":{"line":69,"type":"binary-expr","locations":[{"start":{"line":69,"column":20},"end":{"line":69,"column":60}},{"start":{"line":70,"column":20},"end":{"line":70,"column":64}}]},"10":{"line":80,"type":"if","locations":[{"start":{"line":80,"column":8},"end":{"line":80,"column":8}},{"start":{"line":80,"column":8},"end":{"line":80,"column":8}}]},"11":{"line":84,"type":"if","locations":[{"start":{"line":84,"column":8},"end":{"line":84,"column":8}},{"start":{"line":84,"column":8},"end":{"line":84,"column":8}}]},"12":{"line":91,"type":"if","locations":[{"start":{"line":91,"column":8},"end":{"line":91,"column":8}},{"start":{"line":91,"column":8},"end":{"line":91,"column":8}}]},"13":{"line":91,"type":"binary-expr","locations":[{"start":{"line":91,"column":12},"end":{"line":91,"column":24}},{"start":{"line":92,"column":12},"end":{"line":92,"column":31}},{"start":{"line":93,"column":12},"end":{"line":93,"column":35}}]},"14":{"line":96,"type":"if","locations":[{"start":{"line":96,"column":16},"end":{"line":96,"column":16}},{"start":{"line":96,"column":16},"end":{"line":96,"column":16}}]},"15":{"line":109,"type":"if","locations":[{"start":{"line":109,"column":8},"end":{"line":109,"column":8}},{"start":{"line":109,"column":8},"end":{"line":109,"column":8}}]},"16":{"line":120,"type":"if","locations":[{"start":{"line":120,"column":8},"end":{"line":120,"column":8}},{"start":{"line":120,"column":8},"end":{"line":120,"column":8}}]},"17":{"line":133,"type":"if","locations":[{"start":{"line":133,"column":8},"end":{"line":133,"column":8}},{"start":{"line":133,"column":8},"end":{"line":133,"column":8}}]}}}}