{"d:\\CurrProjIce\\server\\config\\middleware\\getApiMovies.js":{"path":"d:\\CurrProjIce\\server\\config\\middleware\\getApiMovies.js","s":{"1":1,"2":1,"3":1,"4":1,"5":1,"6":1,"7":1,"8":27,"9":27,"10":27,"11":27,"12":27,"13":27,"14":27,"15":27,"16":27,"17":27,"18":27,"19":27,"20":27},"b":{},"f":{"1":1,"2":27},"fnMap":{"1":{"name":"(anonymous_1)","line":4,"loc":{"start":{"line":4,"column":1},"end":{"line":4,"column":12}}},"2":{"name":"(anonymous_2)","line":12,"loc":{"start":{"line":12,"column":21},"end":{"line":12,"column":40}}}},"statementMap":{"1":{"start":{"line":4,"column":0},"end":{"line":38,"column":5}},"2":{"start":{"line":6,"column":4},"end":{"line":6,"column":25}},"3":{"start":{"line":7,"column":4},"end":{"line":7,"column":31}},"4":{"start":{"line":8,"column":4},"end":{"line":8,"column":55}},"5":{"start":{"line":9,"column":4},"end":{"line":9,"column":81}},"6":{"start":{"line":10,"column":4},"end":{"line":10,"column":89}},"7":{"start":{"line":12,"column":4},"end":{"line":37,"column":6}},"8":{"start":{"line":13,"column":8},"end":{"line":13,"column":33}},"9":{"start":{"line":16,"column":8},"end":{"line":16,"column":24}},"10":{"start":{"line":17,"column":8},"end":{"line":17,"column":37}},"11":{"start":{"line":18,"column":8},"end":{"line":18,"column":37}},"12":{"start":{"line":19,"column":8},"end":{"line":19,"column":35}},"13":{"start":{"line":22,"column":8},"end":{"line":22,"column":24}},"14":{"start":{"line":23,"column":8},"end":{"line":23,"column":27}},"15":{"start":{"line":24,"column":8},"end":{"line":24,"column":33}},"16":{"start":{"line":25,"column":8},"end":{"line":25,"column":32}},"17":{"start":{"line":30,"column":8},"end":{"line":30,"column":41}},"18":{"start":{"line":32,"column":8},"end":{"line":32,"column":59}},"19":{"start":{"line":34,"column":8},"end":{"line":34,"column":86}},"20":{"start":{"line":36,"column":8},"end":{"line":36,"column":32}}},"branchMap":{}},"d:\\CurrProjIce\\server\\config\\middleware\\validate.js":{"path":"d:\\CurrProjIce\\server\\config\\middleware\\validate.js","s":{"1":1,"2":1,"3":1,"4":48,"5":1,"6":27,"7":27,"8":27,"9":27,"10":24,"11":3,"12":21,"13":6,"14":24,"15":3,"16":27,"17":24,"18":3,"19":21,"20":6,"21":24,"22":3,"23":27,"24":3,"25":27,"26":6,"27":27,"28":1,"29":1},"b":{"1":[48,42],"2":[24,3],"3":[3,21],"4":[6,15],"5":[21,18],"6":[24,3],"7":[3,21],"8":[6,15],"9":[21,18],"10":[3,24],"11":[6,21]},"f":{"1":1,"2":48,"3":27},"fnMap":{"1":{"name":"(anonymous_1)","line":3,"loc":{"start":{"line":3,"column":1},"end":{"line":3,"column":13}}},"2":{"name":"(anonymous_2)","line":10,"loc":{"start":{"line":10,"column":18},"end":{"line":10,"column":30}}},"3":{"name":"(anonymous_3)","line":14,"loc":{"start":{"line":14,"column":31},"end":{"line":14,"column":53}}}},"statementMap":{"1":{"start":{"line":3,"column":0},"end":{"line":65,"column":5}},"2":{"start":{"line":5,"column":1},"end":{"line":5,"column":30}},"3":{"start":{"line":10,"column":1},"end":{"line":12,"column":6}},"4":{"start":{"line":11,"column":8},"end":{"line":11,"column":52}},"5":{"start":{"line":14,"column":4},"end":{"line":60,"column":6}},"6":{"start":{"line":15,"column":8},"end":{"line":15,"column":34}},"7":{"start":{"line":16,"column":8},"end":{"line":16,"column":31}},"8":{"start":{"line":17,"column":8},"end":{"line":17,"column":43}},"9":{"start":{"line":19,"column":8},"end":{"line":34,"column":9}},"10":{"start":{"line":21,"column":12},"end":{"line":29,"column":13}},"11":{"start":{"line":23,"column":16},"end":{"line":23,"column":47}},"12":{"start":{"line":25,"column":16},"end":{"line":28,"column":17}},"13":{"start":{"line":27,"column":20},"end":{"line":27,"column":51}},"14":{"start":{"line":31,"column":12},"end":{"line":31,"column":48}},"15":{"start":{"line":33,"column":12},"end":{"line":33,"column":43}},"16":{"start":{"line":36,"column":8},"end":{"line":49,"column":9}},"17":{"start":{"line":37,"column":12},"end":{"line":44,"column":13}},"18":{"start":{"line":38,"column":16},"end":{"line":38,"column":45}},"19":{"start":{"line":40,"column":16},"end":{"line":43,"column":17}},"20":{"start":{"line":42,"column":20},"end":{"line":42,"column":49}},"21":{"start":{"line":46,"column":12},"end":{"line":46,"column":48}},"22":{"start":{"line":48,"column":12},"end":{"line":48,"column":41}},"23":{"start":{"line":51,"column":8},"end":{"line":53,"column":9}},"24":{"start":{"line":52,"column":12},"end":{"line":52,"column":30}},"25":{"start":{"line":55,"column":8},"end":{"line":57,"column":9}},"26":{"start":{"line":56,"column":12},"end":{"line":56,"column":54}},"27":{"start":{"line":59,"column":8},"end":{"line":59,"column":22}},"28":{"start":{"line":62,"column":4},"end":{"line":62,"column":47}},"29":{"start":{"line":63,"column":4},"end":{"line":63,"column":35}}},"branchMap":{"1":{"line":11,"type":"binary-expr","locations":[{"start":{"line":11,"column":15},"end":{"line":11,"column":36}},{"start":{"line":11,"column":40},"end":{"line":11,"column":51}}]},"2":{"line":19,"type":"if","locations":[{"start":{"line":19,"column":8},"end":{"line":19,"column":8}},{"start":{"line":19,"column":8},"end":{"line":19,"column":8}}]},"3":{"line":21,"type":"if","locations":[{"start":{"line":21,"column":12},"end":{"line":21,"column":12}},{"start":{"line":21,"column":12},"end":{"line":21,"column":12}}]},"4":{"line":25,"type":"if","locations":[{"start":{"line":25,"column":16},"end":{"line":25,"column":16}},{"start":{"line":25,"column":16},"end":{"line":25,"column":16}}]},"5":{"line":25,"type":"binary-expr","locations":[{"start":{"line":25,"column":20},"end":{"line":25,"column":60}},{"start":{"line":26,"column":20},"end":{"line":26,"column":50}}]},"6":{"line":36,"type":"if","locations":[{"start":{"line":36,"column":8},"end":{"line":36,"column":8}},{"start":{"line":36,"column":8},"end":{"line":36,"column":8}}]},"7":{"line":37,"type":"if","locations":[{"start":{"line":37,"column":12},"end":{"line":37,"column":12}},{"start":{"line":37,"column":12},"end":{"line":37,"column":12}}]},"8":{"line":40,"type":"if","locations":[{"start":{"line":40,"column":16},"end":{"line":40,"column":16}},{"start":{"line":40,"column":16},"end":{"line":40,"column":16}}]},"9":{"line":40,"type":"binary-expr","locations":[{"start":{"line":40,"column":20},"end":{"line":40,"column":60}},{"start":{"line":41,"column":20},"end":{"line":41,"column":64}}]},"10":{"line":51,"type":"if","locations":[{"start":{"line":51,"column":8},"end":{"line":51,"column":8}},{"start":{"line":51,"column":8},"end":{"line":51,"column":8}}]},"11":{"line":55,"type":"if","locations":[{"start":{"line":55,"column":8},"end":{"line":55,"column":8}},{"start":{"line":55,"column":8},"end":{"line":55,"column":8}}]}}},"d:\\CurrProjIce\\server\\config\\middleware\\filterMovies.js":{"path":"d:\\CurrProjIce\\server\\config\\middleware\\filterMovies.js","s":{"1":1,"2":1,"3":1,"4":27,"5":27,"6":6,"7":960,"8":6,"9":21,"10":27,"11":1,"12":27,"13":3,"14":3,"15":3,"16":3,"17":3,"18":3,"19":24,"20":24,"21":3,"22":24,"23":24,"24":24,"25":3,"26":24,"27":426,"28":24,"29":24,"30":24,"31":24,"32":24,"33":1,"34":1},"b":{"1":[6,21],"2":[27,6,6],"3":[6,954],"4":[3,24],"5":[3,21],"6":[3,21]},"f":{"1":1,"2":27,"3":27},"fnMap":{"1":{"name":"(anonymous_1)","line":3,"loc":{"start":{"line":3,"column":1},"end":{"line":3,"column":12}}},"2":{"name":"(anonymous_2)","line":8,"loc":{"start":{"line":8,"column":26},"end":{"line":8,"column":47}}},"3":{"name":"(anonymous_3)","line":30,"loc":{"start":{"line":30,"column":31},"end":{"line":30,"column":91}}}},"statementMap":{"1":{"start":{"line":3,"column":0},"end":{"line":68,"column":5}},"2":{"start":{"line":5,"column":4},"end":{"line":5,"column":33}},"3":{"start":{"line":8,"column":4},"end":{"line":26,"column":6}},"4":{"start":{"line":9,"column":5},"end":{"line":9,"column":29}},"5":{"start":{"line":11,"column":8},"end":{"line":23,"column":9}},"6":{"start":{"line":15,"column":12},"end":{"line":19,"column":13}},"7":{"start":{"line":16,"column":16},"end":{"line":18,"column":17}},"8":{"start":{"line":17,"column":20},"end":{"line":17,"column":54}},"9":{"start":{"line":22,"column":12},"end":{"line":22,"column":39}},"10":{"start":{"line":25,"column":8},"end":{"line":25,"column":30}},"11":{"start":{"line":30,"column":4},"end":{"line":63,"column":6}},"12":{"start":{"line":31,"column":8},"end":{"line":38,"column":9}},"13":{"start":{"line":32,"column":12},"end":{"line":32,"column":54}},"14":{"start":{"line":33,"column":12},"end":{"line":33,"column":63}},"15":{"start":{"line":34,"column":12},"end":{"line":34,"column":55}},"16":{"start":{"line":35,"column":12},"end":{"line":35,"column":41}},"17":{"start":{"line":36,"column":12},"end":{"line":36,"column":37}},"18":{"start":{"line":37,"column":12},"end":{"line":37,"column":19}},"19":{"start":{"line":40,"column":8},"end":{"line":40,"column":28}},"20":{"start":{"line":42,"column":8},"end":{"line":44,"column":9}},"21":{"start":{"line":43,"column":12},"end":{"line":43,"column":73}},"22":{"start":{"line":46,"column":8},"end":{"line":46,"column":65}},"23":{"start":{"line":47,"column":8},"end":{"line":47,"column":50}},"24":{"start":{"line":49,"column":8},"end":{"line":51,"column":9}},"25":{"start":{"line":50,"column":12},"end":{"line":50,"column":46}},"26":{"start":{"line":53,"column":8},"end":{"line":55,"column":9}},"27":{"start":{"line":54,"column":12},"end":{"line":54,"column":47}},"28":{"start":{"line":57,"column":8},"end":{"line":57,"column":35}},"29":{"start":{"line":58,"column":8},"end":{"line":58,"column":59}},"30":{"start":{"line":59,"column":8},"end":{"line":59,"column":51}},"31":{"start":{"line":61,"column":8},"end":{"line":61,"column":37}},"32":{"start":{"line":62,"column":8},"end":{"line":62,"column":33}},"33":{"start":{"line":65,"column":4},"end":{"line":65,"column":39}},"34":{"start":{"line":66,"column":4},"end":{"line":66,"column":49}}},"branchMap":{"1":{"line":11,"type":"if","locations":[{"start":{"line":11,"column":8},"end":{"line":11,"column":8}},{"start":{"line":11,"column":8},"end":{"line":11,"column":8}}]},"2":{"line":11,"type":"binary-expr","locations":[{"start":{"line":11,"column":12},"end":{"line":11,"column":24}},{"start":{"line":12,"column":12},"end":{"line":12,"column":31}},{"start":{"line":13,"column":12},"end":{"line":13,"column":35}}]},"3":{"line":16,"type":"if","locations":[{"start":{"line":16,"column":16},"end":{"line":16,"column":16}},{"start":{"line":16,"column":16},"end":{"line":16,"column":16}}]},"4":{"line":31,"type":"if","locations":[{"start":{"line":31,"column":8},"end":{"line":31,"column":8}},{"start":{"line":31,"column":8},"end":{"line":31,"column":8}}]},"5":{"line":42,"type":"if","locations":[{"start":{"line":42,"column":8},"end":{"line":42,"column":8}},{"start":{"line":42,"column":8},"end":{"line":42,"column":8}}]},"6":{"line":49,"type":"if","locations":[{"start":{"line":49,"column":8},"end":{"line":49,"column":8}},{"start":{"line":49,"column":8},"end":{"line":49,"column":8}}]}}}}