TN:
SF:d:\CurrProjIce\server\config\middleware\getApiMovies.js
FN:4,(anonymous_1)
FN:12,(anonymous_2)
FNF:2
FNH:2
FNDA:1,(anonymous_1)
FNDA:27,(anonymous_2)
DA:4,1
DA:6,1
DA:7,1
DA:8,1
DA:9,1
DA:10,1
DA:12,1
DA:13,27
DA:16,27
DA:17,27
DA:18,27
DA:19,27
DA:22,27
DA:23,27
DA:24,27
DA:25,27
DA:30,27
DA:32,27
DA:34,27
DA:36,27
LF:20
LH:20
BRF:0
BRH:0
end_of_record
TN:
SF:d:\CurrProjIce\server\config\middleware\validate.js
FN:3,(anonymous_1)
FN:10,(anonymous_2)
FN:14,(anonymous_3)
FNF:3
FNH:3
FNDA:1,(anonymous_1)
FNDA:48,(anonymous_2)
FNDA:27,(anonymous_3)
DA:3,1
DA:5,1
DA:10,1
DA:11,48
DA:14,1
DA:15,27
DA:16,27
DA:17,27
DA:19,27
DA:21,24
DA:23,3
DA:25,21
DA:27,6
DA:31,24
DA:33,3
DA:36,27
DA:37,24
DA:38,3
DA:40,21
DA:42,6
DA:46,24
DA:48,3
DA:51,27
DA:52,3
DA:55,27
DA:56,6
DA:59,27
DA:62,1
DA:63,1
LF:29
LH:29
BRDA:11,1,0,48
BRDA:11,1,1,42
BRDA:19,2,0,24
BRDA:19,2,1,3
BRDA:21,3,0,3
BRDA:21,3,1,21
BRDA:25,4,0,6
BRDA:25,4,1,15
BRDA:25,5,0,21
BRDA:25,5,1,18
BRDA:36,6,0,24
BRDA:36,6,1,3
BRDA:37,7,0,3
BRDA:37,7,1,21
BRDA:40,8,0,6
BRDA:40,8,1,15
BRDA:40,9,0,21
BRDA:40,9,1,18
BRDA:51,10,0,3
BRDA:51,10,1,24
BRDA:55,11,0,6
BRDA:55,11,1,21
BRF:22
BRH:22
end_of_record
TN:
SF:d:\CurrProjIce\server\config\middleware\filterMovies.js
FN:3,(anonymous_1)
FN:8,(anonymous_2)
FN:30,(anonymous_3)
FNF:3
FNH:3
FNDA:1,(anonymous_1)
FNDA:27,(anonymous_2)
FNDA:27,(anonymous_3)
DA:3,1
DA:5,1
DA:8,1
DA:9,27
DA:11,27
DA:15,6
DA:16,960
DA:17,6
DA:22,21
DA:25,27
DA:30,1
DA:31,27
DA:32,3
DA:33,3
DA:34,3
DA:35,3
DA:36,3
DA:37,3
DA:40,24
DA:42,24
DA:43,3
DA:46,24
DA:47,24
DA:49,24
DA:50,3
DA:53,24
DA:54,426
DA:57,24
DA:58,24
DA:59,24
DA:61,24
DA:62,24
DA:65,1
DA:66,1
LF:34
LH:34
BRDA:11,1,0,6
BRDA:11,1,1,21
BRDA:11,2,0,27
BRDA:11,2,1,6
BRDA:11,2,2,6
BRDA:16,3,0,6
BRDA:16,3,1,954
BRDA:31,4,0,3
BRDA:31,4,1,24
BRDA:42,5,0,3
BRDA:42,5,1,21
BRDA:49,6,0,3
BRDA:49,6,1,21
BRF:13
BRH:13
end_of_record
