TN:
SF:d:\CurrProjIce\server\config\middleware\getApiMovies.js
FN:11,(anonymous_1)
FNF:1
FNH:1
FNDA:27,(anonymous_1)
DA:5,1
DA:6,1
DA:7,1
DA:8,1
DA:9,1
DA:11,1
DA:12,27
DA:15,27
DA:16,27
DA:17,27
DA:18,27
DA:21,27
DA:22,27
DA:23,27
DA:24,27
DA:28,27
DA:30,27
DA:32,27
DA:144,27
LF:19
LH:19
BRF:0
BRH:0
end_of_record
TN:
SF:d:\CurrProjIce\server\config\middleware\validate.js
FN:3,(anonymous_1)
FN:9,(anonymous_2)
FN:13,(anonymous_3)
FNF:3
FNH:3
FNDA:1,(anonymous_1)
FNDA:48,(anonymous_2)
FNDA:27,(anonymous_3)
DA:3,1
DA:4,1
DA:9,1
DA:10,48
DA:13,1
DA:14,27
DA:15,27
DA:16,27
DA:18,27
DA:20,24
DA:22,3
DA:24,21
DA:26,6
DA:30,24
DA:32,3
DA:35,27
DA:36,24
DA:37,3
DA:39,21
DA:41,6
DA:45,24
DA:47,3
DA:50,27
DA:51,3
DA:54,27
DA:55,6
DA:58,27
DA:61,1
DA:62,1
LF:29
LH:29
BRDA:10,1,0,48
BRDA:10,1,1,42
BRDA:18,2,0,24
BRDA:18,2,1,3
BRDA:20,3,0,3
BRDA:20,3,1,21
BRDA:24,4,0,6
BRDA:24,4,1,15
BRDA:24,5,0,21
BRDA:24,5,1,18
BRDA:35,6,0,24
BRDA:35,6,1,3
BRDA:36,7,0,3
BRDA:36,7,1,21
BRDA:39,8,0,6
BRDA:39,8,1,15
BRDA:39,9,0,21
BRDA:39,9,1,18
BRDA:50,10,0,3
BRDA:50,10,1,24
BRDA:54,11,0,6
BRDA:54,11,1,21
BRF:22
BRH:22
end_of_record
TN:
SF:d:\CurrProjIce\server\config\middleware\filterMovies.js
FN:3,(anonymous_1)
FN:7,(anonymous_2)
FN:29,(anonymous_3)
FNF:3
FNH:3
FNDA:1,(anonymous_1)
FNDA:27,(anonymous_2)
FNDA:27,(anonymous_3)
DA:3,1
DA:4,1
DA:7,1
DA:8,27
DA:10,27
DA:14,6
DA:15,960
DA:16,6
DA:21,21
DA:24,27
DA:29,1
DA:30,27
DA:31,3
DA:32,3
DA:33,3
DA:34,3
DA:35,3
DA:36,3
DA:39,24
DA:41,24
DA:42,3
DA:45,24
DA:46,24
DA:48,24
DA:49,3
DA:52,24
DA:53,426
DA:56,24
DA:57,24
DA:58,24
DA:60,24
DA:61,24
DA:64,1
DA:65,1
LF:34
LH:34
BRDA:10,1,0,6
BRDA:10,1,1,21
BRDA:10,2,0,27
BRDA:10,2,1,6
BRDA:10,2,2,6
BRDA:15,3,0,6
BRDA:15,3,1,954
BRDA:30,4,0,3
BRDA:30,4,1,24
BRDA:41,5,0,3
BRDA:41,5,1,21
BRDA:48,6,0,3
BRDA:48,6,1,21
BRF:13
BRH:13
end_of_record
