TN:
SF:d:\CurrProjIce\public\js\dist\app.concat.js
FN:1,(anonymous_1)
FN:39,(anonymous_2)
FN:80,(anonymous_3)
FN:82,(anonymous_4)
FN:98,(anonymous_5)
FN:113,(anonymous_6)
FN:115,(anonymous_7)
FN:126,(anonymous_8)
FN:151,(anonymous_9)
FN:173,(anonymous_10)
FN:188,(anonymous_11)
FN:191,(anonymous_12)
FN:193,(anonymous_13)
FN:215,(anonymous_14)
FN:217,(anonymous_15)
FN:231,(anonymous_16)
FN:246,(anonymous_17)
FN:256,(anonymous_18)
FN:275,(anonymous_19)
FN:287,(anonymous_20)
FN:302,(anonymous_21)
FN:304,(anonymous_22)
FN:307,(anonymous_23)
FN:311,(anonymous_24)
FN:315,(anonymous_25)
FN:319,(anonymous_26)
FN:324,(anonymous_27)
FN:370,(anonymous_28)
FN:374,(anonymous_29)
FN:391,(anonymous_30)
FN:397,(anonymous_31)
FN:407,(anonymous_32)
FN:409,(anonymous_33)
FN:421,(anonymous_34)
FN:450,(anonymous_35)
FN:460,(anonymous_36)
FN:473,(anonymous_37)
FN:493,(anonymous_38)
FN:533,(anonymous_39)
FN:555,(anonymous_40)
FN:563,(anonymous_41)
FN:565,(anonymous_42)
FN:570,(anonymous_43)
FN:577,(anonymous_44)
FN:580,(anonymous_45)
FN:583,(anonymous_46)
FN:587,(anonymous_47)
FN:593,(anonymous_48)
FN:595,(anonymous_49)
FN:607,(anonymous_50)
FN:618,(anonymous_51)
FN:621,(anonymous_52)
FN:623,(anonymous_53)
FN:636,(anonymous_54)
FN:639,(anonymous_55)
FN:642,(anonymous_56)
FN:649,(anonymous_57)
FN:655,(anonymous_58)
FN:658,(anonymous_59)
FN:664,(anonymous_60)
FNF:60
FNH:60
FNDA:1,(anonymous_1)
FNDA:1,(anonymous_2)
FNDA:1,(anonymous_3)
FNDA:1,(anonymous_4)
FNDA:1,(anonymous_5)
FNDA:34,(anonymous_6)
FNDA:11,(anonymous_7)
FNDA:3,(anonymous_8)
FNDA:2,(anonymous_9)
FNDA:1,(anonymous_10)
FNDA:1,(anonymous_11)
FNDA:16,(anonymous_12)
FNDA:1286,(anonymous_13)
FNDA:16,(anonymous_14)
FNDA:225,(anonymous_15)
FNDA:1,(anonymous_16)
FNDA:28,(anonymous_17)
FNDA:21,(anonymous_18)
FNDA:9,(anonymous_19)
FNDA:2,(anonymous_20)
FNDA:1,(anonymous_21)
FNDA:55,(anonymous_22)
FNDA:310,(anonymous_23)
FNDA:1286,(anonymous_24)
FNDA:1283,(anonymous_25)
FNDA:103,(anonymous_26)
FNDA:20,(anonymous_27)
FNDA:1,(anonymous_28)
FNDA:20,(anonymous_29)
FNDA:25,(anonymous_30)
FNDA:18,(anonymous_31)
FNDA:20,(anonymous_32)
FNDA:14,(anonymous_33)
FNDA:19,(anonymous_34)
FNDA:1,(anonymous_35)
FNDA:20,(anonymous_36)
FNDA:16,(anonymous_37)
FNDA:27,(anonymous_38)
FNDA:29,(anonymous_39)
FNDA:19,(anonymous_40)
FNDA:1,(anonymous_41)
FNDA:11,(anonymous_42)
FNDA:11,(anonymous_43)
FNDA:1,(anonymous_44)
FNDA:19,(anonymous_45)
FNDA:19,(anonymous_46)
FNDA:22,(anonymous_47)
FNDA:1,(anonymous_48)
FNDA:14,(anonymous_49)
FNDA:15,(anonymous_50)
FNDA:1,(anonymous_51)
FNDA:28,(anonymous_52)
FNDA:52,(anonymous_53)
FNDA:1,(anonymous_54)
FNDA:248,(anonymous_55)
FNDA:22,(anonymous_56)
FNDA:3,(anonymous_57)
FNDA:239,(anonymous_58)
FNDA:188,(anonymous_59)
FNDA:52,(anonymous_60)
DA:1,1
DA:4,1
DA:6,1
DA:9,1
DA:11,1
DA:12,1
DA:13,1
DA:14,1
DA:15,1
DA:16,1
DA:18,1
DA:28,1
DA:39,1
DA:44,1
DA:80,1
DA:82,1
DA:83,1
DA:88,1
DA:98,1
DA:109,1
DA:115,34
DA:116,11
DA:118,11
DA:119,11
DA:120,11
DA:121,11
DA:123,11
DA:128,3
DA:129,2
DA:134,2
DA:136,2
DA:137,2
DA:138,22
DA:141,2
DA:146,1
DA:149,3
DA:153,2
DA:154,1
DA:155,1
DA:158,1
DA:159,1
DA:160,1
DA:164,11
DA:167,34
DA:173,1
DA:178,1
DA:184,1
DA:188,1
DA:190,1
DA:193,16
DA:195,1286
DA:196,1282
DA:198,1282
DA:199,6531
DA:200,5250
DA:202,1281
DA:206,1282
DA:208,4
DA:214,1
DA:217,16
DA:219,225
DA:221,222
DA:222,222
DA:223,222
DA:225,3
DA:231,1
DA:242,1
DA:247,28
DA:254,28
DA:256,28
DA:257,21
DA:259,21
DA:262,1
DA:266,20
DA:268,17
DA:270,17
DA:272,17
DA:276,9
DA:278,8
DA:280,8
DA:282,1
DA:284,1
DA:289,2
DA:293,18
DA:296,28
DA:302,1
DA:304,1
DA:307,55
DA:308,310
DA:311,55
DA:312,1286
DA:315,55
DA:316,1283
DA:319,55
DA:320,103
DA:321,103
DA:324,55
DA:329,20
DA:330,2
DA:331,2
DA:336,18
DA:339,18
DA:344,18
DA:345,1
DA:346,1
DA:350,17
DA:353,17
DA:355,17
DA:361,55
DA:370,1
DA:372,1
DA:375,20
DA:377,20
DA:378,20
DA:379,20
DA:380,20
DA:382,20
DA:383,20
DA:384,20
DA:385,20
DA:387,20
DA:388,20
DA:391,20
DA:392,25
DA:393,13
DA:397,20
DA:398,18
DA:399,7
DA:407,20
DA:408,20
DA:410,14
DA:411,14
DA:412,14
DA:413,14
DA:414,14
DA:418,20
DA:421,20
DA:425,19
DA:426,17
DA:429,2
DA:432,19
DA:433,19
DA:435,19
DA:436,2
DA:437,2
DA:439,17
DA:440,17
DA:443,19
DA:445,2
DA:450,20
DA:451,1
DA:454,1
DA:455,1
DA:456,1
DA:460,20
DA:462,20
DA:463,17
DA:466,20
DA:468,20
DA:473,20
DA:475,16
DA:476,0
DA:477,0
DA:481,16
DA:482,2
DA:483,2
DA:486,14
DA:487,0
DA:488,0
DA:489,0
DA:493,20
DA:495,27
DA:496,0
DA:497,0
DA:500,27
DA:501,3
DA:504,27
DA:505,2
DA:509,27
DA:510,1
DA:511,0
DA:517,27
DA:519,13
DA:522,4
DA:526,9
DA:527,0
DA:529,9
DA:533,20
DA:535,29
DA:536,0
DA:537,0
DA:540,29
DA:541,2
DA:542,2
DA:545,27
DA:546,2
DA:547,2
DA:550,25
DA:551,9
DA:555,20
DA:556,19
DA:557,0
DA:563,1
DA:565,1
DA:566,11
DA:577,1
DA:579,1
DA:583,19
DA:584,19
DA:587,19
DA:588,22
DA:593,1
DA:594,1
DA:596,14
DA:609,15
DA:610,1
DA:618,1
DA:620,1
DA:623,28
DA:625,52
DA:626,52
DA:628,52
DA:629,52
DA:631,52
DA:633,1
DA:636,51
DA:637,1
DA:639,51
DA:640,248
DA:642,51
DA:643,22
DA:644,19
DA:645,19
DA:649,51
DA:650,3
DA:651,1
DA:652,1
DA:655,51
DA:656,239
DA:658,51
DA:659,188
DA:663,28
DA:665,52
LF:243
LH:231
BRDA:6,1,0,1
BRDA:6,1,1,1
BRDA:128,2,0,2
BRDA:128,2,1,1
BRDA:129,3,0,2
BRDA:129,3,1,0
BRDA:129,4,0,2
BRDA:129,4,1,2
BRDA:129,4,2,2
BRDA:129,4,3,2
BRDA:134,5,0,1
BRDA:134,5,1,1
BRDA:153,6,0,1
BRDA:153,6,1,1
BRDA:195,7,0,1282
BRDA:195,7,1,4
BRDA:195,8,0,1286
BRDA:195,8,1,1283
BRDA:199,9,0,5250
BRDA:199,9,1,1281
BRDA:219,10,0,222
BRDA:219,10,1,3
BRDA:259,11,0,1
BRDA:259,11,1,20
BRDA:259,12,0,21
BRDA:259,12,1,1
BRDA:276,13,0,8
BRDA:276,13,1,1
BRDA:308,14,0,310
BRDA:308,14,1,304
BRDA:312,15,0,1286
BRDA:312,15,1,1285
BRDA:316,16,0,1283
BRDA:316,16,1,1282
BRDA:321,17,0,103
BRDA:321,17,1,103
BRDA:329,18,0,2
BRDA:329,18,1,18
BRDA:329,19,0,20
BRDA:329,19,1,20
BRDA:336,20,0,1
BRDA:336,20,1,17
BRDA:336,21,0,18
BRDA:336,21,1,17
BRDA:344,22,0,1
BRDA:344,22,1,17
BRDA:344,23,0,18
BRDA:344,23,1,9
BRDA:350,24,0,9
BRDA:350,24,1,8
BRDA:350,25,0,17
BRDA:350,25,1,17
BRDA:392,26,0,13
BRDA:392,26,1,12
BRDA:398,27,0,7
BRDA:398,27,1,11
BRDA:414,28,0,14
BRDA:414,28,1,0
BRDA:425,29,0,17
BRDA:425,29,1,2
BRDA:435,30,0,2
BRDA:435,30,1,17
BRDA:437,31,0,2
BRDA:437,31,1,2
BRDA:440,32,0,17
BRDA:440,32,1,0
BRDA:443,33,0,2
BRDA:443,33,1,17
BRDA:454,34,0,1
BRDA:454,34,1,0
BRDA:462,35,0,17
BRDA:462,35,1,3
BRDA:466,36,0,20
BRDA:466,36,1,0
BRDA:466,37,0,20
BRDA:466,37,1,17
BRDA:475,38,0,0
BRDA:475,38,1,16
BRDA:475,39,0,16
BRDA:475,39,1,0
BRDA:475,39,2,0
BRDA:475,39,3,0
BRDA:481,40,0,2
BRDA:481,40,1,14
BRDA:486,41,0,0
BRDA:486,41,1,14
BRDA:486,42,0,14
BRDA:486,42,1,0
BRDA:495,43,0,0
BRDA:495,43,1,27
BRDA:500,44,0,3
BRDA:500,44,1,24
BRDA:504,45,0,2
BRDA:504,45,1,25
BRDA:509,46,0,1
BRDA:509,46,1,26
BRDA:509,47,0,27
BRDA:509,47,1,1
BRDA:509,47,2,1
BRDA:510,48,0,0
BRDA:510,48,1,1
BRDA:510,49,0,1
BRDA:510,49,1,1
BRDA:517,50,0,13
BRDA:517,50,1,14
BRDA:519,51,0,4
BRDA:519,51,1,9
BRDA:519,52,0,13
BRDA:519,52,1,11
BRDA:519,52,2,10
BRDA:519,52,3,2
BRDA:519,52,4,8
BRDA:519,52,5,4
BRDA:526,53,0,0
BRDA:526,53,1,9
BRDA:535,54,0,0
BRDA:535,54,1,29
BRDA:540,55,0,2
BRDA:540,55,1,27
BRDA:545,56,0,2
BRDA:545,56,1,25
BRDA:550,57,0,9
BRDA:550,57,1,16
BRDA:550,58,0,25
BRDA:550,58,1,11
BRDA:550,58,2,11
BRDA:556,59,0,0
BRDA:556,59,1,19
BRDA:609,60,0,1
BRDA:609,60,1,14
BRDA:609,61,0,15
BRDA:609,61,1,14
BRDA:631,62,0,1
BRDA:631,62,1,51
BRDA:631,63,0,52
BRDA:631,63,1,51
BRDA:643,64,0,19
BRDA:643,64,1,3
BRDA:650,65,0,1
BRDA:650,65,1,2
BRF:140
BRH:124
end_of_record
