TN:
SF:d:\CurrProjIce\public\js\dist\app.concat.js
FN:1,(anonymous_1)
FN:43,(anonymous_2)
FN:84,(anonymous_3)
FN:86,(anonymous_4)
FN:103,(anonymous_5)
FN:119,(anonymous_6)
FN:121,(anonymous_7)
FN:134,(anonymous_8)
FN:159,(anonymous_9)
FN:182,(anonymous_10)
FN:198,(anonymous_11)
FN:201,(anonymous_12)
FN:203,(anonymous_13)
FN:225,(anonymous_14)
FN:227,(anonymous_15)
FN:242,(anonymous_16)
FN:257,(anonymous_17)
FN:267,(anonymous_18)
FN:286,(anonymous_19)
FN:298,(anonymous_20)
FN:314,(anonymous_21)
FN:316,(anonymous_22)
FN:319,(anonymous_23)
FN:323,(anonymous_24)
FN:327,(anonymous_25)
FN:331,(anonymous_26)
FN:336,(anonymous_27)
FN:383,(anonymous_28)
FN:387,(anonymous_29)
FN:404,(anonymous_30)
FN:410,(anonymous_31)
FN:419,(anonymous_32)
FN:421,(anonymous_33)
FN:433,(anonymous_34)
FN:462,(anonymous_35)
FN:471,(anonymous_36)
FN:483,(anonymous_37)
FN:498,(anonymous_38)
FN:534,(anonymous_39)
FN:558,(anonymous_40)
FN:567,(anonymous_41)
FN:569,(anonymous_42)
FN:574,(anonymous_43)
FN:582,(anonymous_44)
FN:585,(anonymous_45)
FN:588,(anonymous_46)
FN:592,(anonymous_47)
FN:599,(anonymous_48)
FN:602,(anonymous_49)
FN:614,(anonymous_50)
FN:626,(anonymous_51)
FN:629,(anonymous_52)
FN:631,(anonymous_53)
FN:646,(anonymous_54)
FN:649,(anonymous_55)
FN:652,(anonymous_56)
FN:659,(anonymous_57)
FN:665,(anonymous_58)
FN:668,(anonymous_59)
FN:674,(anonymous_60)
FNF:60
FNH:60
FNDA:1,(anonymous_1)
FNDA:1,(anonymous_2)
FNDA:1,(anonymous_3)
FNDA:1,(anonymous_4)
FNDA:1,(anonymous_5)
FNDA:38,(anonymous_6)
FNDA:11,(anonymous_7)
FNDA:3,(anonymous_8)
FNDA:2,(anonymous_9)
FNDA:1,(anonymous_10)
FNDA:1,(anonymous_11)
FNDA:16,(anonymous_12)
FNDA:1286,(anonymous_13)
FNDA:16,(anonymous_14)
FNDA:225,(anonymous_15)
FNDA:1,(anonymous_16)
FNDA:32,(anonymous_17)
FNDA:30,(anonymous_18)
FNDA:18,(anonymous_19)
FNDA:2,(anonymous_20)
FNDA:1,(anonymous_21)
FNDA:59,(anonymous_22)
FNDA:341,(anonymous_23)
FNDA:1286,(anonymous_24)
FNDA:1283,(anonymous_25)
FNDA:103,(anonymous_26)
FNDA:29,(anonymous_27)
FNDA:1,(anonymous_28)
FNDA:24,(anonymous_29)
FNDA:25,(anonymous_30)
FNDA:18,(anonymous_31)
FNDA:24,(anonymous_32)
FNDA:18,(anonymous_33)
FNDA:24,(anonymous_34)
FNDA:1,(anonymous_35)
FNDA:25,(anonymous_36)
FNDA:21,(anonymous_37)
FNDA:36,(anonymous_38)
FNDA:37,(anonymous_39)
FNDA:26,(anonymous_40)
FNDA:1,(anonymous_41)
FNDA:11,(anonymous_42)
FNDA:11,(anonymous_43)
FNDA:1,(anonymous_44)
FNDA:19,(anonymous_45)
FNDA:19,(anonymous_46)
FNDA:22,(anonymous_47)
FNDA:1,(anonymous_48)
FNDA:14,(anonymous_49)
FNDA:15,(anonymous_50)
FNDA:1,(anonymous_51)
FNDA:28,(anonymous_52)
FNDA:52,(anonymous_53)
FNDA:1,(anonymous_54)
FNDA:227,(anonymous_55)
FNDA:22,(anonymous_56)
FNDA:3,(anonymous_57)
FNDA:224,(anonymous_58)
FNDA:170,(anonymous_59)
FNDA:52,(anonymous_60)
DA:1,1
DA:9,1
DA:12,1
DA:14,1
DA:15,1
DA:16,1
DA:17,1
DA:18,1
DA:19,1
DA:21,1
DA:31,1
DA:43,1
DA:48,1
DA:84,1
DA:86,1
DA:87,1
DA:92,1
DA:103,1
DA:115,1
DA:121,38
DA:122,11
DA:124,11
DA:125,11
DA:126,11
DA:127,11
DA:129,11
DA:131,11
DA:136,3
DA:137,2
DA:142,2
DA:144,2
DA:145,2
DA:146,22
DA:149,2
DA:154,1
DA:157,3
DA:161,2
DA:162,1
DA:163,1
DA:166,1
DA:167,1
DA:168,1
DA:172,11
DA:175,38
DA:182,1
DA:187,1
DA:193,1
DA:198,1
DA:200,1
DA:203,16
DA:205,1286
DA:206,1282
DA:208,1282
DA:209,6531
DA:210,5250
DA:212,1281
DA:216,1282
DA:218,4
DA:224,1
DA:227,16
DA:229,225
DA:231,222
DA:232,222
DA:233,222
DA:235,3
DA:242,1
DA:253,1
DA:258,32
DA:265,32
DA:267,32
DA:268,30
DA:270,30
DA:273,1
DA:277,29
DA:279,26
DA:281,26
DA:283,26
DA:287,18
DA:289,17
DA:291,17
DA:293,1
DA:295,1
DA:300,2
DA:304,27
DA:307,32
DA:314,1
DA:316,1
DA:319,59
DA:320,341
DA:323,59
DA:324,1286
DA:327,59
DA:328,1283
DA:331,59
DA:332,103
DA:333,103
DA:336,59
DA:341,29
DA:342,2
DA:343,2
DA:348,27
DA:351,27
DA:356,27
DA:357,1
DA:358,1
DA:362,26
DA:365,26
DA:367,26
DA:373,59
DA:383,1
DA:385,1
DA:388,24
DA:390,24
DA:391,24
DA:392,24
DA:393,24
DA:395,24
DA:396,24
DA:397,24
DA:398,24
DA:400,24
DA:401,24
DA:404,24
DA:405,25
DA:406,13
DA:410,24
DA:411,18
DA:412,7
DA:419,24
DA:420,24
DA:422,18
DA:423,18
DA:424,18
DA:425,18
DA:426,18
DA:430,24
DA:433,24
DA:437,24
DA:438,23
DA:441,1
DA:444,24
DA:445,24
DA:447,24
DA:448,2
DA:449,2
DA:451,22
DA:452,22
DA:455,24
DA:457,2
DA:462,24
DA:465,1
DA:466,1
DA:467,1
DA:471,24
DA:472,25
DA:473,22
DA:476,25
DA:478,25
DA:483,24
DA:486,21
DA:487,18
DA:488,18
DA:492,21
DA:493,3
DA:494,3
DA:498,24
DA:500,36
DA:501,1
DA:504,36
DA:505,2
DA:508,36
DA:509,2
DA:513,36
DA:514,4
DA:516,1
DA:522,36
DA:524,18
DA:527,8
DA:530,10
DA:534,24
DA:536,37
DA:538,1
DA:539,1
DA:542,36
DA:543,2
DA:544,2
DA:547,34
DA:548,2
DA:549,2
DA:552,32
DA:553,12
DA:558,24
DA:559,26
DA:560,1
DA:567,1
DA:569,1
DA:570,11
DA:582,1
DA:584,1
DA:588,19
DA:589,19
DA:592,19
DA:593,22
DA:599,1
DA:601,1
DA:603,14
DA:616,15
DA:617,1
DA:626,1
DA:628,1
DA:631,28
DA:633,52
DA:634,52
DA:636,52
DA:638,52
DA:639,52
DA:641,52
DA:643,1
DA:646,51
DA:647,1
DA:649,51
DA:650,227
DA:652,51
DA:653,22
DA:654,19
DA:655,19
DA:659,51
DA:660,3
DA:661,1
DA:662,1
DA:665,51
DA:666,224
DA:668,51
DA:669,170
DA:673,28
DA:675,52
LF:236
LH:236
BRDA:9,1,0,1
BRDA:9,1,1,1
BRDA:136,2,0,2
BRDA:136,2,1,1
BRDA:137,3,0,2
BRDA:137,3,1,0
BRDA:137,4,0,2
BRDA:137,4,1,2
BRDA:137,4,2,2
BRDA:137,4,3,2
BRDA:142,5,0,1
BRDA:142,5,1,1
BRDA:161,6,0,1
BRDA:161,6,1,1
BRDA:205,7,0,1282
BRDA:205,7,1,4
BRDA:205,8,0,1286
BRDA:205,8,1,1283
BRDA:209,9,0,5250
BRDA:209,9,1,1281
BRDA:229,10,0,222
BRDA:229,10,1,3
BRDA:270,11,0,1
BRDA:270,11,1,29
BRDA:270,12,0,30
BRDA:270,12,1,1
BRDA:287,13,0,17
BRDA:287,13,1,1
BRDA:320,14,0,341
BRDA:320,14,1,333
BRDA:324,15,0,1286
BRDA:324,15,1,1285
BRDA:328,16,0,1283
BRDA:328,16,1,1282
BRDA:333,17,0,103
BRDA:333,17,1,103
BRDA:341,18,0,2
BRDA:341,18,1,27
BRDA:341,19,0,29
BRDA:341,19,1,29
BRDA:348,20,0,0
BRDA:348,20,1,27
BRDA:348,21,0,27
BRDA:348,21,1,27
BRDA:356,22,0,1
BRDA:356,22,1,26
BRDA:356,23,0,27
BRDA:356,23,1,14
BRDA:362,24,0,13
BRDA:362,24,1,13
BRDA:362,25,0,26
BRDA:362,25,1,26
BRDA:405,26,0,13
BRDA:405,26,1,12
BRDA:411,27,0,7
BRDA:411,27,1,11
BRDA:422,28,0,18
BRDA:422,28,1,0
BRDA:426,29,0,18
BRDA:426,29,1,0
BRDA:437,30,0,23
BRDA:437,30,1,1
BRDA:447,31,0,2
BRDA:447,31,1,22
BRDA:449,32,0,2
BRDA:449,32,1,1
BRDA:452,33,0,22
BRDA:452,33,1,0
BRDA:455,34,0,2
BRDA:455,34,1,22
BRDA:457,35,0,2
BRDA:457,35,1,1
BRDA:465,36,0,1
BRDA:465,36,1,0
BRDA:472,37,0,22
BRDA:472,37,1,3
BRDA:476,38,0,25
BRDA:476,38,1,0
BRDA:476,39,0,25
BRDA:476,39,1,22
BRDA:486,40,0,18
BRDA:486,40,1,3
BRDA:492,41,0,3
BRDA:492,41,1,18
BRDA:500,42,0,1
BRDA:500,42,1,35
BRDA:504,43,0,2
BRDA:504,43,1,34
BRDA:508,44,0,2
BRDA:508,44,1,34
BRDA:509,45,0,2
BRDA:509,45,1,0
BRDA:513,46,0,4
BRDA:513,46,1,32
BRDA:513,47,0,36
BRDA:513,47,1,4
BRDA:513,47,2,4
BRDA:514,48,0,1
BRDA:514,48,1,3
BRDA:514,49,0,4
BRDA:514,49,1,2
BRDA:522,50,0,18
BRDA:522,50,1,18
BRDA:524,51,0,8
BRDA:524,51,1,10
BRDA:524,52,0,18
BRDA:524,52,1,17
BRDA:524,52,2,16
BRDA:524,52,3,4
BRDA:524,52,4,13
BRDA:524,52,5,7
BRDA:536,53,0,1
BRDA:536,53,1,36
BRDA:542,54,0,2
BRDA:542,54,1,34
BRDA:547,55,0,2
BRDA:547,55,1,32
BRDA:552,56,0,12
BRDA:552,56,1,20
BRDA:552,57,0,32
BRDA:552,57,1,14
BRDA:552,57,2,14
BRDA:559,58,0,1
BRDA:559,58,1,25
BRDA:616,59,0,1
BRDA:616,59,1,14
BRDA:616,60,0,15
BRDA:616,60,1,14
BRDA:641,61,0,1
BRDA:641,61,1,51
BRDA:641,62,0,52
BRDA:641,62,1,51
BRDA:653,63,0,19
BRDA:653,63,1,3
BRDA:660,64,0,1
BRDA:660,64,1,2
BRF:136
BRH:128
end_of_record
